<?xml version="1.0" encoding="UTF-8"?>
<!-- Generated by org.testng.reporters.JUnitReportReporter -->
<testsuite skipped="0" hostname="DESKTOP-8QG28U5" name="auto.ExtentReportExample" tests="1" failures="0" timestamp="14 May 2019 12:12:52 GMT" time="14.297" errors="0">
  <testcase name="test1" time="14.297" classname="auto.ExtentReportExample"/>
</testsuite> <!-- auto.ExtentReportExample -->
